<?xml version="1.0" encoding="UTF-8"?>
<!-- Generated by org.testng.reporters.JUnitReportReporter -->
<testsuite skipped="0" hostname="DESKTOP-UBKQR29" name="E2EProjectRS.E2EMaven_Java.ValidateTitle" tests="1" failures="0" timestamp="2022-04-06T13:21:37 IST" time="2.402" errors="1">
  <testcase name="basePageNavigation" time="2.402" classname="E2EProjectRS.E2EMaven_Java.ValidateTitle">
    <error type="org.openqa.selenium.SessionNotCreatedException" message="session not created: This version of ChromeDriver only supports Chrome version 92
Current browser version is 100.0.4896.60 with binary path C:\Program Files\Google\Chrome\Application\chrome.exe
Build info: version: &#039;3.141.59&#039;, revision: &#039;e82be7d358&#039;, time: &#039;2018-11-14T08:17:03&#039;
System info: host: &#039;DESKTOP-UBKQR29&#039;, ip: &#039;192.168.0.116&#039;, os.name: &#039;Windows 10&#039;, os.arch: &#039;amd64&#039;, os.version: &#039;10.0&#039;, java.version: &#039;1.8.0_321&#039;
Driver info: driver.version: ChromeDriver
remote stacktrace: Backtrace:
	Ordinal0 [0x011D5843+2512963]
	Ordinal0 [0x0116EED1+2092753]
	Ordinal0 [0x01071F48+1056584]
	Ordinal0 [0x010901AA+1180074]
	Ordinal0 [0x0108C0C5+1163461]
	Ordinal0 [0x0108990F+1153295]
	Ordinal0 [0x010B994F+1349967]
	Ordinal0 [0x010B95BA+1349050]
	Ordinal0 [0x010B54BB+1332411]
	Ordinal0 [0x01091D14+1187092]
	Ordinal0 [0x01092B79+1190777]
	GetHandleVerifier [0x01350C56+1501718]
	GetHandleVerifier [0x013FE97F+2213695]
	GetHandleVerifier [0x01258C92+485970]
	GetHandleVerifier [0x01257D59+482073]
	Ordinal0 [0x0117471D+2115357]
	Ordinal0 [0x01178678+2131576]
	Ordinal0 [0x011787B2+2131890]
	Ordinal0 [0x01181971+2169201]
	BaseThreadInitThunk [0x75E6FA29+25]
	RtlGetAppContainerNamedObjectPath [0x77077A7E+286]
	RtlGetAppContainerNamedObjectPath [0x77077A4E+238]
">
      <![CDATA[org.openqa.selenium.SessionNotCreatedException: session not created: This version of ChromeDriver only supports Chrome version 92
Current browser version is 100.0.4896.60 with binary path C:\Program Files\Google\Chrome\Application\chrome.exe
Build info: version: '3.141.59', revision: 'e82be7d358', time: '2018-11-14T08:17:03'
System info: host: 'DESKTOP-UBKQR29', ip: '192.168.0.116', os.name: 'Windows 10', os.arch: 'amd64', os.version: '10.0', java.version: '1.8.0_321'
Driver info: driver.version: ChromeDriver
remote stacktrace: Backtrace:
Ordinal0 [0x011D5843+2512963]
Ordinal0 [0x0116EED1+2092753]
Ordinal0 [0x01071F48+1056584]
Ordinal0 [0x010901AA+1180074]
Ordinal0 [0x0108C0C5+1163461]
Ordinal0 [0x0108990F+1153295]
Ordinal0 [0x010B994F+1349967]
Ordinal0 [0x010B95BA+1349050]
Ordinal0 [0x010B54BB+1332411]
Ordinal0 [0x01091D14+1187092]
Ordinal0 [0x01092B79+1190777]
GetHandleVerifier [0x01350C56+1501718]
GetHandleVerifier [0x013FE97F+2213695]
GetHandleVerifier [0x01258C92+485970]
GetHandleVerifier [0x01257D59+482073]
Ordinal0 [0x0117471D+2115357]
Ordinal0 [0x01178678+2131576]
Ordinal0 [0x011787B2+2131890]
Ordinal0 [0x01181971+2169201]
BaseThreadInitThunk [0x75E6FA29+25]
RtlGetAppContainerNamedObjectPath [0x77077A7E+286]
RtlGetAppContainerNamedObjectPath [0x77077A4E+238]

at sun.reflect.NativeConstructorAccessorImpl.newInstance0(Native Method)
at sun.reflect.NativeConstructorAccessorImpl.newInstance(Unknown Source)
at sun.reflect.DelegatingConstructorAccessorImpl.newInstance(Unknown Source)
at java.lang.reflect.Constructor.newInstance(Unknown Source)
at org.openqa.selenium.remote.W3CHandshakeResponse.lambda$errorHandler$0(W3CHandshakeResponse.java:62)
at org.openqa.selenium.remote.HandshakeResponse.lambda$getResponseFunction$0(HandshakeResponse.java:30)
at org.openqa.selenium.remote.ProtocolHandshake.lambda$createSession$0(ProtocolHandshake.java:126)
at java.util.stream.ReferencePipeline$3$1.accept(Unknown Source)
at java.util.Spliterators$ArraySpliterator.tryAdvance(Unknown Source)
at java.util.stream.ReferencePipeline.forEachWithCancel(Unknown Source)
at java.util.stream.AbstractPipeline.copyIntoWithCancel(Unknown Source)
at java.util.stream.AbstractPipeline.copyInto(Unknown Source)
at java.util.stream.AbstractPipeline.wrapAndCopyInto(Unknown Source)
at java.util.stream.FindOps$FindOp.evaluateSequential(Unknown Source)
at java.util.stream.AbstractPipeline.evaluate(Unknown Source)
at java.util.stream.ReferencePipeline.findFirst(Unknown Source)
at org.openqa.selenium.remote.ProtocolHandshake.createSession(ProtocolHandshake.java:128)
at org.openqa.selenium.remote.ProtocolHandshake.createSession(ProtocolHandshake.java:74)
at org.openqa.selenium.remote.HttpCommandExecutor.execute(HttpCommandExecutor.java:136)
at org.openqa.selenium.remote.service.DriverCommandExecutor.execute(DriverCommandExecutor.java:83)
at org.openqa.selenium.remote.RemoteWebDriver.execute(RemoteWebDriver.java:552)
at org.openqa.selenium.remote.RemoteWebDriver.startSession(RemoteWebDriver.java:213)
at org.openqa.selenium.remote.RemoteWebDriver.<init>(RemoteWebDriver.java:131)
at org.openqa.selenium.chrome.ChromeDriver.<init>(ChromeDriver.java:181)
at org.openqa.selenium.chrome.ChromeDriver.<init>(ChromeDriver.java:168)
at org.openqa.selenium.chrome.ChromeDriver.<init>(ChromeDriver.java:123)
at resources.Base.initializeDriver(Base.java:32)
at E2EProjectRS.E2EMaven_Java.ValidateTitle.basePageNavigation(ValidateTitle.java:20)
at sun.reflect.NativeMethodAccessorImpl.invoke0(Native Method)
at sun.reflect.NativeMethodAccessorImpl.invoke(Unknown Source)
at sun.reflect.DelegatingMethodAccessorImpl.invoke(Unknown Source)
at java.lang.reflect.Method.invoke(Unknown Source)
at org.testng.internal.MethodInvocationHelper.invokeMethod(MethodInvocationHelper.java:132)
at org.testng.internal.TestInvoker.invokeMethod(TestInvoker.java:599)
at org.testng.internal.TestInvoker.invokeTestMethod(TestInvoker.java:174)
at org.testng.internal.MethodRunner.runInSequence(MethodRunner.java:46)
at org.testng.internal.TestInvoker$MethodInvocationAgent.invoke(TestInvoker.java:822)
at org.testng.internal.TestInvoker.invokeTestMethods(TestInvoker.java:147)
at org.testng.internal.TestMethodWorker.invokeTestMethods(TestMethodWorker.java:146)
at org.testng.internal.TestMethodWorker.run(TestMethodWorker.java:128)
at java.util.ArrayList.forEach(Unknown Source)
at org.testng.TestRunner.privateRun(TestRunner.java:764)
at org.testng.TestRunner.run(TestRunner.java:585)
at org.testng.SuiteRunner.runTest(SuiteRunner.java:384)
at org.testng.SuiteRunner.runSequentially(SuiteRunner.java:378)
at org.testng.SuiteRunner.privateRun(SuiteRunner.java:337)
at org.testng.SuiteRunner.run(SuiteRunner.java:286)
at org.testng.SuiteRunnerWorker.runSuite(SuiteRunnerWorker.java:53)
at org.testng.SuiteRunnerWorker.run(SuiteRunnerWorker.java:96)
at org.testng.TestNG.runSuitesSequentially(TestNG.java:1218)
at org.testng.TestNG.runSuitesLocally(TestNG.java:1140)
at org.testng.TestNG.runSuites(TestNG.java:1069)
at org.testng.TestNG.run(TestNG.java:1037)
at org.testng.remote.AbstractRemoteTestNG.run(AbstractRemoteTestNG.java:115)
at org.testng.remote.RemoteTestNG.initAndRun(RemoteTestNG.java:251)
at org.testng.remote.RemoteTestNG.main(RemoteTestNG.java:77)
]]>
    </error>
  </testcase> <!-- basePageNavigation -->
  <system-out/>
</testsuite> <!-- E2EProjectRS.E2EMaven_Java.ValidateTitle -->
